[0.010s] Invoking command in '/home/meng/ros2_ws/build/demo_cpp_topic': CMAKE_PREFIX_PATH=${CMAKE_PREFIX_PATH}:/home/meng/ros2_ws/install/serial_package:/home/meng/ros2_ws/install/my_package:/opt/ros/humble /usr/bin/cmake --build /home/meng/ros2_ws/build/demo_cpp_topic -- -j24 -l24
[0.274s] Invoked command in '/home/meng/ros2_ws/build/demo_cpp_topic' returned '0': CMAKE_PREFIX_PATH=${CMAKE_PREFIX_PATH}:/home/meng/ros2_ws/install/serial_package:/home/meng/ros2_ws/install/my_package:/opt/ros/humble /usr/bin/cmake --build /home/meng/ros2_ws/build/demo_cpp_topic -- -j24 -l24
[0.282s] Invoking command in '/home/meng/ros2_ws/build/demo_cpp_topic': CMAKE_PREFIX_PATH=${CMAKE_PREFIX_PATH}:/home/meng/ros2_ws/install/serial_package:/home/meng/ros2_ws/install/my_package:/opt/ros/humble /usr/bin/cmake --install /home/meng/ros2_ws/build/demo_cpp_topic
[0.290s] -- Install configuration: ""
[0.291s] -- Up-to-date: /home/meng/ros2_ws/install/demo_cpp_topic/share/ament_index/resource_index/package_run_dependencies/demo_cpp_topic
[0.291s] -- Up-to-date: /home/meng/ros2_ws/install/demo_cpp_topic/share/ament_index/resource_index/parent_prefix_path/demo_cpp_topic
[0.291s] -- Up-to-date: /home/meng/ros2_ws/install/demo_cpp_topic/share/demo_cpp_topic/environment/ament_prefix_path.sh
[0.291s] -- Up-to-date: /home/meng/ros2_ws/install/demo_cpp_topic/share/demo_cpp_topic/environment/ament_prefix_path.dsv
[0.291s] -- Up-to-date: /home/meng/ros2_ws/install/demo_cpp_topic/share/demo_cpp_topic/environment/path.sh
[0.291s] -- Up-to-date: /home/meng/ros2_ws/install/demo_cpp_topic/share/demo_cpp_topic/environment/path.dsv
[0.291s] -- Up-to-date: /home/meng/ros2_ws/install/demo_cpp_topic/share/demo_cpp_topic/local_setup.bash
[0.291s] -- Up-to-date: /home/meng/ros2_ws/install/demo_cpp_topic/share/demo_cpp_topic/local_setup.sh
[0.291s] -- Up-to-date: /home/meng/ros2_ws/install/demo_cpp_topic/share/demo_cpp_topic/local_setup.zsh
[0.291s] -- Up-to-date: /home/meng/ros2_ws/install/demo_cpp_topic/share/demo_cpp_topic/local_setup.dsv
[0.291s] -- Installing: /home/meng/ros2_ws/install/demo_cpp_topic/share/demo_cpp_topic/package.dsv
[0.291s] -- Up-to-date: /home/meng/ros2_ws/install/demo_cpp_topic/share/ament_index/resource_index/packages/demo_cpp_topic
[0.291s] -- Up-to-date: /home/meng/ros2_ws/install/demo_cpp_topic/share/demo_cpp_topic/cmake/demo_cpp_topicConfig.cmake
[0.291s] -- Up-to-date: /home/meng/ros2_ws/install/demo_cpp_topic/share/demo_cpp_topic/cmake/demo_cpp_topicConfig-version.cmake
[0.291s] -- Up-to-date: /home/meng/ros2_ws/install/demo_cpp_topic/share/demo_cpp_topic/package.xml
[0.292s] Invoked command in '/home/meng/ros2_ws/build/demo_cpp_topic' returned '0': CMAKE_PREFIX_PATH=${CMAKE_PREFIX_PATH}:/home/meng/ros2_ws/install/serial_package:/home/meng/ros2_ws/install/my_package:/opt/ros/humble /usr/bin/cmake --install /home/meng/ros2_ws/build/demo_cpp_topic
