running egg_info
writing ../../build/my_package/my_package.egg-info/PKG-INFO
writing dependency_links to ../../build/my_package/my_package.egg-info/dependency_links.txt
writing entry points to ../../build/my_package/my_package.egg-info/entry_points.txt
writing requirements to ../../build/my_package/my_package.egg-info/requires.txt
writing top-level names to ../../build/my_package/my_package.egg-info/top_level.txt
[2;36m[02/28/26 16:14:50][0m[2;36m [0m[1;31mERROR   [0m listing git files failed - pretending there   ]8;id=178727;file:///home/meng/.local/lib/python3.10/site-packages/setuptools_scm/_file_finders/git.py\[2mgit.py[0m]8;;\[2m:[0m]8;id=964415;file:///home/meng/.local/lib/python3.10/site-packages/setuptools_scm/_file_finders/git.py#26\[2m26[0m]8;;\
[2;36m                    [0m         aren't any                                    [2m         [0m
reading manifest file '../../build/my_package/my_package.egg-info/SOURCES.txt'
adding license file 'LICENSE'
writing manifest file '../../build/my_package/my_package.egg-info/SOURCES.txt'
running build
running build_py
copying my_package/my_node.py -> /home/meng/ros2_ws/build/my_package/build/lib/my_package
copying my_package/novel_sub_node.py -> /home/meng/ros2_ws/build/my_package/build/lib/my_package
copying my_package/writer_node.py -> /home/meng/ros2_ws/build/my_package/build/lib/my_package
copying my_package/novel_pub_node.py -> /home/meng/ros2_ws/build/my_package/build/lib/my_package
copying my_package/xiaoshuo_node.py -> /home/meng/ros2_ws/build/my_package/build/lib/my_package
copying my_package/__init__.py -> /home/meng/ros2_ws/build/my_package/build/lib/my_package
running install
running install_lib
running install_data
copying resource/my_package -> /home/meng/ros2_ws/install/my_package/share/ament_index/resource_index/packages
copying package.xml -> /home/meng/ros2_ws/install/my_package/share/my_package
running install_egg_info
removing '/home/meng/ros2_ws/install/my_package/lib/python3.10/site-packages/my_package-0.0.0-py3.10.egg-info' (and everything under it)
Copying ../../build/my_package/my_package.egg-info to /home/meng/ros2_ws/install/my_package/lib/python3.10/site-packages/my_package-0.0.0-py3.10.egg-info
running install_scripts
Installing my_node script to /home/meng/ros2_ws/install/my_package/lib/my_package
Installing novel_publisher script to /home/meng/ros2_ws/install/my_package/lib/my_package
Installing novel_subscriber script to /home/meng/ros2_ws/install/my_package/lib/my_package
Installing writer_node script to /home/meng/ros2_ws/install/my_package/lib/my_package
Installing xiaoshuo_node script to /home/meng/ros2_ws/install/my_package/lib/my_package
writing list of installed files to '/home/meng/ros2_ws/build/my_package/install.log'
