[0.486s] Invoking command in '/home/meng/ros2_ws/src/my_package': PYTHONPATH=/home/meng/ros2_ws/build/my_package/prefix_override:/usr/lib/python3/dist-packages/colcon_core/task/python/colcon_distutils_commands:/home/meng/ros2_ws/install/my_package/lib/python3.10/site-packages:${PYTHONPATH} /usr/bin/python3 -W ignore:setup.py install is deprecated -W ignore:easy_install command is deprecated setup.py egg_info --egg-base ../../build/my_package build --build-base /home/meng/ros2_ws/build/my_package/build install --record /home/meng/ros2_ws/build/my_package/install.log --single-version-externally-managed install_data
[0.622s] running egg_info
[0.631s] writing ../../build/my_package/my_package.egg-info/PKG-INFO
[0.631s] writing dependency_links to ../../build/my_package/my_package.egg-info/dependency_links.txt
[0.631s] writing entry points to ../../build/my_package/my_package.egg-info/entry_points.txt
[0.631s] writing requirements to ../../build/my_package/my_package.egg-info/requires.txt
[0.631s] writing top-level names to ../../build/my_package/my_package.egg-info/top_level.txt
[0.661s] [2;36m[02/28/26 16:14:50][0m[2;36m [0m[1;31mERROR   [0m listing git files failed - pretending there   ]8;id=178727;file:///home/meng/.local/lib/python3.10/site-packages/setuptools_scm/_file_finders/git.py\[2mgit.py[0m]8;;\[2m:[0m]8;id=964415;file:///home/meng/.local/lib/python3.10/site-packages/setuptools_scm/_file_finders/git.py#26\[2m26[0m]8;;\
[0.661s] [2;36m                    [0m         aren't any                                    [2m         [0m
[0.661s] reading manifest file '../../build/my_package/my_package.egg-info/SOURCES.txt'
[0.661s] adding license file 'LICENSE'
[0.663s] writing manifest file '../../build/my_package/my_package.egg-info/SOURCES.txt'
[0.663s] running build
[0.663s] running build_py
[0.663s] copying my_package/my_node.py -> /home/meng/ros2_ws/build/my_package/build/lib/my_package
[0.663s] copying my_package/novel_sub_node.py -> /home/meng/ros2_ws/build/my_package/build/lib/my_package
[0.663s] copying my_package/writer_node.py -> /home/meng/ros2_ws/build/my_package/build/lib/my_package
[0.663s] copying my_package/novel_pub_node.py -> /home/meng/ros2_ws/build/my_package/build/lib/my_package
[0.663s] copying my_package/xiaoshuo_node.py -> /home/meng/ros2_ws/build/my_package/build/lib/my_package
[0.663s] copying my_package/__init__.py -> /home/meng/ros2_ws/build/my_package/build/lib/my_package
[0.663s] running install
[0.665s] running install_lib
[0.672s] running install_data
[0.672s] copying resource/my_package -> /home/meng/ros2_ws/install/my_package/share/ament_index/resource_index/packages
[0.672s] copying package.xml -> /home/meng/ros2_ws/install/my_package/share/my_package
[0.672s] running install_egg_info
[0.679s] removing '/home/meng/ros2_ws/install/my_package/lib/python3.10/site-packages/my_package-0.0.0-py3.10.egg-info' (and everything under it)
[0.680s] Copying ../../build/my_package/my_package.egg-info to /home/meng/ros2_ws/install/my_package/lib/python3.10/site-packages/my_package-0.0.0-py3.10.egg-info
[0.681s] running install_scripts
[0.700s] Installing my_node script to /home/meng/ros2_ws/install/my_package/lib/my_package
[0.700s] Installing novel_publisher script to /home/meng/ros2_ws/install/my_package/lib/my_package
[0.701s] Installing novel_subscriber script to /home/meng/ros2_ws/install/my_package/lib/my_package
[0.701s] Installing writer_node script to /home/meng/ros2_ws/install/my_package/lib/my_package
[0.701s] Installing xiaoshuo_node script to /home/meng/ros2_ws/install/my_package/lib/my_package
[0.701s] writing list of installed files to '/home/meng/ros2_ws/build/my_package/install.log'
[0.716s] Invoked command in '/home/meng/ros2_ws/src/my_package' returned '0': PYTHONPATH=/home/meng/ros2_ws/build/my_package/prefix_override:/usr/lib/python3/dist-packages/colcon_core/task/python/colcon_distutils_commands:/home/meng/ros2_ws/install/my_package/lib/python3.10/site-packages:${PYTHONPATH} /usr/bin/python3 -W ignore:setup.py install is deprecated -W ignore:easy_install command is deprecated setup.py egg_info --egg-base ../../build/my_package build --build-base /home/meng/ros2_ws/build/my_package/build install --record /home/meng/ros2_ws/build/my_package/install.log --single-version-externally-managed install_data
