[0.009s] Invoking command in '/home/meng/ros2_ws/build/demo_cpp_topic': CMAKE_PREFIX_PATH=/opt/ros/humble /usr/bin/cmake --build /home/meng/ros2_ws/build/demo_cpp_topic -- -j24 -l24
[0.255s] Invoked command in '/home/meng/ros2_ws/build/demo_cpp_topic' returned '0': CMAKE_PREFIX_PATH=/opt/ros/humble /usr/bin/cmake --build /home/meng/ros2_ws/build/demo_cpp_topic -- -j24 -l24
[0.260s] Invoking command in '/home/meng/ros2_ws/build/demo_cpp_topic': CMAKE_PREFIX_PATH=/opt/ros/humble /usr/bin/cmake --install /home/meng/ros2_ws/build/demo_cpp_topic
[0.265s] -- Install configuration: ""
[0.266s] -- Up-to-date: /home/meng/ros2_ws/install/demo_cpp_topic/share/ament_index/resource_index/package_run_dependencies/demo_cpp_topic
[0.266s] -- Up-to-date: /home/meng/ros2_ws/install/demo_cpp_topic/share/ament_index/resource_index/parent_prefix_path/demo_cpp_topic
[0.266s] -- Up-to-date: /home/meng/ros2_ws/install/demo_cpp_topic/share/demo_cpp_topic/environment/ament_prefix_path.sh
[0.266s] -- Up-to-date: /home/meng/ros2_ws/install/demo_cpp_topic/share/demo_cpp_topic/environment/ament_prefix_path.dsv
[0.266s] -- Up-to-date: /home/meng/ros2_ws/install/demo_cpp_topic/share/demo_cpp_topic/environment/path.sh
[0.266s] -- Up-to-date: /home/meng/ros2_ws/install/demo_cpp_topic/share/demo_cpp_topic/environment/path.dsv
[0.266s] -- Up-to-date: /home/meng/ros2_ws/install/demo_cpp_topic/share/demo_cpp_topic/local_setup.bash
[0.266s] -- Up-to-date: /home/meng/ros2_ws/install/demo_cpp_topic/share/demo_cpp_topic/local_setup.sh
[0.266s] -- Up-to-date: /home/meng/ros2_ws/install/demo_cpp_topic/share/demo_cpp_topic/local_setup.zsh
[0.266s] -- Up-to-date: /home/meng/ros2_ws/install/demo_cpp_topic/share/demo_cpp_topic/local_setup.dsv
[0.266s] -- Up-to-date: /home/meng/ros2_ws/install/demo_cpp_topic/share/demo_cpp_topic/package.dsv
[0.266s] -- Up-to-date: /home/meng/ros2_ws/install/demo_cpp_topic/share/ament_index/resource_index/packages/demo_cpp_topic
[0.266s] -- Up-to-date: /home/meng/ros2_ws/install/demo_cpp_topic/share/demo_cpp_topic/cmake/demo_cpp_topicConfig.cmake
[0.266s] -- Up-to-date: /home/meng/ros2_ws/install/demo_cpp_topic/share/demo_cpp_topic/cmake/demo_cpp_topicConfig-version.cmake
[0.266s] -- Up-to-date: /home/meng/ros2_ws/install/demo_cpp_topic/share/demo_cpp_topic/package.xml
[0.271s] Invoked command in '/home/meng/ros2_ws/build/demo_cpp_topic' returned '0': CMAKE_PREFIX_PATH=/opt/ros/humble /usr/bin/cmake --install /home/meng/ros2_ws/build/demo_cpp_topic
