/home/meng/ros2_ws/install/my_package/lib/python3.10/site-packages/my_package/my_node.py
/home/meng/ros2_ws/install/my_package/lib/python3.10/site-packages/my_package/novel_sub_node.py
/home/meng/ros2_ws/install/my_package/lib/python3.10/site-packages/my_package/writer_node.py
/home/meng/ros2_ws/install/my_package/lib/python3.10/site-packages/my_package/novel_pub_node.py
/home/meng/ros2_ws/install/my_package/lib/python3.10/site-packages/my_package/xiaoshuo_node.py
/home/meng/ros2_ws/install/my_package/lib/python3.10/site-packages/my_package/__init__.py
/home/meng/ros2_ws/install/my_package/lib/python3.10/site-packages/my_package/__pycache__/my_node.cpython-310.pyc
/home/meng/ros2_ws/install/my_package/lib/python3.10/site-packages/my_package/__pycache__/novel_sub_node.cpython-310.pyc
/home/meng/ros2_ws/install/my_package/lib/python3.10/site-packages/my_package/__pycache__/writer_node.cpython-310.pyc
/home/meng/ros2_ws/install/my_package/lib/python3.10/site-packages/my_package/__pycache__/novel_pub_node.cpython-310.pyc
/home/meng/ros2_ws/install/my_package/lib/python3.10/site-packages/my_package/__pycache__/xiaoshuo_node.cpython-310.pyc
/home/meng/ros2_ws/install/my_package/lib/python3.10/site-packages/my_package/__pycache__/__init__.cpython-310.pyc
/home/meng/ros2_ws/install/my_package/share/ament_index/resource_index/packages/my_package
/home/meng/ros2_ws/install/my_package/share/my_package/package.xml
/home/meng/ros2_ws/install/my_package/lib/python3.10/site-packages/my_package-0.0.0-py3.10.egg-info/entry_points.txt
/home/meng/ros2_ws/install/my_package/lib/python3.10/site-packages/my_package-0.0.0-py3.10.egg-info/PKG-INFO
/home/meng/ros2_ws/install/my_package/lib/python3.10/site-packages/my_package-0.0.0-py3.10.egg-info/SOURCES.txt
/home/meng/ros2_ws/install/my_package/lib/python3.10/site-packages/my_package-0.0.0-py3.10.egg-info/dependency_links.txt
/home/meng/ros2_ws/install/my_package/lib/python3.10/site-packages/my_package-0.0.0-py3.10.egg-info/top_level.txt
/home/meng/ros2_ws/install/my_package/lib/python3.10/site-packages/my_package-0.0.0-py3.10.egg-info/requires.txt
/home/meng/ros2_ws/install/my_package/lib/python3.10/site-packages/my_package-0.0.0-py3.10.egg-info/zip-safe
/home/meng/ros2_ws/install/my_package/lib/my_package/my_node
/home/meng/ros2_ws/install/my_package/lib/my_package/novel_publisher
/home/meng/ros2_ws/install/my_package/lib/my_package/novel_subscriber
/home/meng/ros2_ws/install/my_package/lib/my_package/writer_node
/home/meng/ros2_ws/install/my_package/lib/my_package/xiaoshuo_node
