running egg_info
writing ../../build/serial_package/serial_package.egg-info/PKG-INFO
writing dependency_links to ../../build/serial_package/serial_package.egg-info/dependency_links.txt
writing entry points to ../../build/serial_package/serial_package.egg-info/entry_points.txt
writing requirements to ../../build/serial_package/serial_package.egg-info/requires.txt
writing top-level names to ../../build/serial_package/serial_package.egg-info/top_level.txt
reading manifest file '../../build/serial_package/serial_package.egg-info/SOURCES.txt'
adding license file 'LICENSE'
writing manifest file '../../build/serial_package/serial_package.egg-info/SOURCES.txt'
running build
running build_py
copying serial_package/rgb_sine_publisher.py -> /home/meng/ros2_ws/build/serial_package/build/lib/serial_package
copying serial_package/rgb_serial_subscriber.py -> /home/meng/ros2_ws/build/serial_package/build/lib/serial_package
copying serial_package/__init__.py -> /home/meng/ros2_ws/build/serial_package/build/lib/serial_package
running install
running install_lib
copying /home/meng/ros2_ws/build/serial_package/build/lib/serial_package/rgb_serial_subscriber.py -> /home/meng/ros2_ws/install/serial_package/lib/python3.10/site-packages/serial_package
byte-compiling /home/meng/ros2_ws/install/serial_package/lib/python3.10/site-packages/serial_package/rgb_serial_subscriber.py to rgb_serial_subscriber.cpython-310.pyc
running install_data
copying resource/serial_package -> /home/meng/ros2_ws/install/serial_package/share/ament_index/resource_index/packages
copying package.xml -> /home/meng/ros2_ws/install/serial_package/share/serial_package
running install_egg_info
removing '/home/meng/ros2_ws/install/serial_package/lib/python3.10/site-packages/serial_package-0.0.0-py3.10.egg-info' (and everything under it)
Copying ../../build/serial_package/serial_package.egg-info to /home/meng/ros2_ws/install/serial_package/lib/python3.10/site-packages/serial_package-0.0.0-py3.10.egg-info
running install_scripts
Installing rgb_serial_subscriber script to /home/meng/ros2_ws/install/serial_package/lib/serial_package
Installing rgb_sine_publisher script to /home/meng/ros2_ws/install/serial_package/lib/serial_package
writing list of installed files to '/home/meng/ros2_ws/build/serial_package/install.log'
